c:\users\windows\source\repos\glua\glua\g1 md release\hde64.obj
c:\users\windows\source\repos\glua\glua\g1 md release\lcode.obj
c:\users\windows\source\repos\glua\glua\g1 md release\ldebug.obj
c:\users\windows\source\repos\glua\glua\g1 md release\lfunc.obj
c:\users\windows\source\repos\glua\glua\g1 md release\llex.obj
c:\users\windows\source\repos\glua\glua\g1 md release\loadlib.obj
c:\users\windows\source\repos\glua\glua\g1 md release\lapi.obj
c:\users\windows\source\repos\glua\glua\g1 md release\lcorolib.obj
c:\users\windows\source\repos\glua\glua\g1 md release\ldump.obj
c:\users\windows\source\repos\glua\glua\g1 md release\linit.obj
c:\users\windows\source\repos\glua\glua\g1 md release\lmem.obj
c:\users\windows\source\repos\glua\glua\g1 md release\lopcodes.obj
c:\users\windows\source\repos\glua\glua\g1 md release\loslib.obj
c:\users\windows\source\repos\glua\glua\g1 md release\lstrlib.obj
c:\users\windows\source\repos\glua\glua\g1 md release\lua.obj
c:\users\windows\source\repos\glua\glua\g1 md release\hde32.obj
c:\users\windows\source\repos\glua\glua\g1 md release\lvm.obj
c:\users\windows\source\repos\glua\glua\g1 md release\lauxlib.obj
c:\users\windows\source\repos\glua\glua\g1 md release\lctype.obj
c:\users\windows\source\repos\glua\glua\g1 md release\ldo.obj
c:\users\windows\source\repos\glua\glua\g1 md release\liolib.obj
c:\users\windows\source\repos\glua\glua\g1 md release\lobject.obj
c:\users\windows\source\repos\glua\glua\g1 md release\lstate.obj
c:\users\windows\source\repos\glua\glua\g1 md release\ltable.obj
c:\users\windows\source\repos\glua\glua\g1 md release\ltm.obj
c:\users\windows\source\repos\glua\glua\g1 md release\lundump.obj
c:\users\windows\source\repos\glua\glua\g1 md release\lbaselib.obj
c:\users\windows\source\repos\glua\glua\g1 md release\ldblib.obj
c:\users\windows\source\repos\glua\glua\g1 md release\lgc.obj
c:\users\windows\source\repos\glua\glua\g1 md release\lmathlib.obj
c:\users\windows\source\repos\glua\glua\g1 md release\lparser.obj
c:\users\windows\source\repos\glua\glua\g1 md release\lstring.obj
c:\users\windows\source\repos\glua\glua\g1 md release\ltablib.obj
c:\users\windows\source\repos\glua\glua\g1 md release\luac.obj
c:\users\windows\source\repos\glua\glua\g1 md release\trampoline.obj
c:\users\windows\source\repos\glua\glua\g1 md release\hook.obj
c:\users\windows\source\repos\glua\glua\g1 md release\lzio.obj
c:\users\windows\source\repos\glua\glua\g1 md release\buffer.obj
c:\users\windows\source\repos\glua\glua\g1 md release\lutf8lib.obj
c:\users\windows\source\repos\glua\glua\g1 md release\imgui.obj
c:\users\windows\source\repos\glua\glua\g1 md release\interface.obj
c:\users\windows\source\repos\glua\glua\g1 md release\imgui_demo.obj
c:\users\windows\source\repos\glua\glua\g1 md release\imgui_widgets.obj
c:\users\windows\source\repos\glua\glua\g1 md release\classdeclarators_g2.obj
c:\users\windows\source\repos\glua\glua\g1 md release\imgui_draw.obj
c:\users\windows\source\repos\glua\glua\g1 md release\dllmain.obj
c:\users\windows\source\repos\glua\glua\g1 md release\classdeclarators_g1a.obj
c:\users\windows\source\repos\glua\glua\g1 md release\imgui_impl_dx9.obj
c:\users\windows\source\repos\glua\glua\g1 md release\classdeclarators_g2a.obj
c:\users\windows\source\repos\glua\glua\g1 md release\globals_g1a.obj
c:\users\windows\source\repos\glua\glua\g1 md release\imgui_impl_dx12.obj
c:\users\windows\source\repos\glua\glua\g1 md release\globals_g2.obj
c:\users\windows\source\repos\glua\glua\g1 md release\globals_g1.obj
c:\users\windows\source\repos\glua\glua\g1 md release\imgui_impl_win32.obj
c:\users\windows\source\repos\glua\glua\g1 md release\imgui_tables.obj
c:\users\windows\source\repos\glua\glua\g1 md release\globals_g2a.obj
c:\users\windows\source\repos\glua\glua\g1 md release\classdeclarators_g1.obj
c:\users\windows\source\repos\glua\glua\g1 md release\imgui_impl_dx11.obj
c:\users\windows\source\repos\glua\glua\g1 md release\statics_g2.obj
c:\users\windows\source\repos\glua\glua\g1 md release\statics_g1.obj
c:\users\windows\source\repos\glua\glua\g1 md release\imgui_impl_dx10.obj
c:\users\windows\source\repos\glua\glua\g1 md release\statics_g2a.obj
c:\users\windows\source\repos\glua\glua\g1 md release\statics_g1a.obj
c:\users\windows\source\repos\glua\glua\g1 md release\vc142.pdb
c:\users\windows\source\repos\glua\glua\g1 md release\resource.res
c:\users\windows\source\repos\glua\glua\g1 md release\glua.ipdb
c:\users\windows\source\repos\glua\glua\g1 md release\glua.iobj
c:\users\windows\source\repos\glua\glua\g1 md release\glua.tlog\cl.command.1.tlog
c:\users\windows\source\repos\glua\glua\g1 md release\glua.tlog\cl.read.1.tlog
c:\users\windows\source\repos\glua\glua\g1 md release\glua.tlog\cl.write.1.tlog
c:\users\windows\source\repos\glua\glua\g1 md release\glua.tlog\link-cvtres.read.1.tlog
c:\users\windows\source\repos\glua\glua\g1 md release\glua.tlog\link-cvtres.write.1.tlog
c:\users\windows\source\repos\glua\glua\g1 md release\glua.tlog\link-rc.read.1.tlog
c:\users\windows\source\repos\glua\glua\g1 md release\glua.tlog\link-rc.write.1.tlog
c:\users\windows\source\repos\glua\glua\g1 md release\glua.tlog\link.command.1.tlog
c:\users\windows\source\repos\glua\glua\g1 md release\glua.tlog\link.read.1.tlog
c:\users\windows\source\repos\glua\glua\g1 md release\glua.tlog\link.write.1.tlog
c:\users\windows\source\repos\glua\glua\g1 md release\glua.tlog\rc.command.1.tlog
c:\users\windows\source\repos\glua\glua\g1 md release\glua.tlog\rc.read.1.tlog
c:\users\windows\source\repos\glua\glua\g1 md release\glua.tlog\rc.write.1.tlog
