c:\users\windows\source\repos\glua\glua\g1 debug\imgui_impl_dx12.obj
c:\users\windows\source\repos\glua\glua\g1 debug\statics_g2a.obj
c:\users\windows\source\repos\glua\glua\g1 debug\statics_g1a.obj
c:\users\windows\source\repos\glua\glua\g1 debug\imgui_draw.obj
c:\users\windows\source\repos\glua\glua\g1 debug\imgui_widgets.obj
c:\users\windows\source\repos\glua\glua\g1 debug\globals_g2a.obj
c:\users\windows\source\repos\glua\glua\g1 debug\classdeclarators_g1.obj
c:\users\windows\source\repos\glua\glua\g1 debug\imgui_impl_dx9.obj
c:\users\windows\source\repos\glua\glua\g1 debug\classdeclarators_g2a.obj
c:\users\windows\source\repos\glua\glua\g1 debug\globals_g1a.obj
c:\users\windows\source\repos\glua\glua\g1 debug\imgui.obj
c:\users\windows\source\repos\glua\glua\g1 debug\interface.obj
c:\users\windows\source\repos\glua\glua\g1 debug\statics_g1.obj
c:\users\windows\source\repos\glua\glua\g1 debug\imgui_demo.obj
c:\users\windows\source\repos\glua\glua\g1 debug\imgui_tables.obj
c:\users\windows\source\repos\glua\glua\g1 debug\hook.obj
c:\users\windows\source\repos\glua\glua\g1 debug\statics_g2.obj
c:\users\windows\source\repos\glua\glua\g1 debug\imgui_impl_win32.obj
c:\users\windows\source\repos\glua\glua\g1 debug\dllmain.obj
c:\users\windows\source\repos\glua\glua\g1 debug\classdeclarators_g1a.obj
c:\users\windows\source\repos\glua\glua\g1 debug\imgui_impl_dx10.obj
c:\users\windows\source\repos\glua\glua\g1 debug\classdeclarators_g2.obj
c:\users\windows\source\repos\glua\glua\g1 debug\globals_g1.obj
c:\users\windows\source\repos\glua\glua\g1 debug\imgui_impl_dx11.obj
c:\users\windows\source\repos\glua\glua\g1 debug\globals_g2.obj
c:\users\windows\source\repos\glua\glua\g1 debug\vc142.pdb
c:\users\windows\source\repos\glua\glua\g1 debug\hde32.obj
c:\users\windows\source\repos\glua\glua\g1 debug\hde64.obj
c:\users\windows\source\repos\glua\glua\g1 debug\buffer.obj
c:\users\windows\source\repos\glua\glua\g1 debug\trampoline.obj
f:\program files (x86)\steam\steamapps\common\gothic\system\autorun\glua.dll
c:\users\windows\source\repos\glua\glua\g1 debug\glua.ilk
c:\users\windows\source\repos\glua\pdb\glua.pdb
c:\users\windows\source\repos\glua\glua\g1 debug\resource.res
c:\users\windows\source\repos\glua\glua\g1 debug\vc142.idb
c:\users\windows\source\repos\glua\glua\g1 debug\glua.tlog\cl.command.1.tlog
c:\users\windows\source\repos\glua\glua\g1 debug\glua.tlog\cl.read.1.tlog
c:\users\windows\source\repos\glua\glua\g1 debug\glua.tlog\cl.write.1.tlog
c:\users\windows\source\repos\glua\glua\g1 debug\glua.tlog\link.command.1.tlog
c:\users\windows\source\repos\glua\glua\g1 debug\glua.tlog\link.read.1.tlog
c:\users\windows\source\repos\glua\glua\g1 debug\glua.tlog\link.write.1.tlog
c:\users\windows\source\repos\glua\glua\g1 debug\glua.tlog\rc.command.1.tlog
c:\users\windows\source\repos\glua\glua\g1 debug\glua.tlog\rc.read.1.tlog
c:\users\windows\source\repos\glua\glua\g1 debug\glua.tlog\rc.write.1.tlog
